<?xml version="1.0" encoding="UTF-8"?>
<!-- Generated by org.testng.reporters.JUnitReportReporter -->
<testsuite hostname="DESKTOP-F06Q66A" failures="0" tests="1" name="testRunners.TestRunner" time="2.947" errors="0" timestamp="2023-08-25T06:00:25 CEST" skipped="0">
  <testcase classname="testRunners.TestRunner" name="runScenario" time="2.947"/>
  <system-out/>
</testsuite> <!-- testRunners.TestRunner -->
